

<!DOCTYPE html>
<html>
<head>
<meta charset="UTF-8">
<meta name="viewport" content="width=device-width, initial-scale=1, shrink-to-fit=no">
<title></title>
<link rel="apple-touch-icon" href="https://cdn.jsdelivr.net/gh/extent-framework/extent-github-cdn@b00a2d0486596e73dd7326beacf352c639623a0e/commons/img/logo.png">
<link rel="shortcut icon" href="https://cdn.jsdelivr.net/gh/extent-framework/extent-github-cdn@b00a2d0486596e73dd7326beacf352c639623a0e/commons/img/logo.png">
<link href="https://cdn.jsdelivr.net/gh/extent-framework/extent-github-cdn@ce8b10435bcbae260c334c0d0c6b61d2c19b6168/spark/css/spark-style.css" rel="stylesheet" />
<link href="https://stackpath.bootstrapcdn.com/font-awesome/4.7.0/css/font-awesome.min.css" rel="stylesheet">
<script src="https://cdn.jsdelivr.net/gh/extent-framework/extent-github-cdn@7cc78ce/spark/js/jsontree.js"></script>
<style type="text/css"></style></head><body class="spa bdd-report standard">
  <div class="app">
    <div class="layout">
<div class="header navbar">
<div class="vheader">
<div class="nav-logo">
<a href="#">
<div class="logo" style="background-image: url('https://cdn.jsdelivr.net/gh/extent-framework/extent-github-cdn@b00a2d0486596e73dd7326beacf352c639623a0e/commons/img/logo.png')"></div>
</a>
</div>
<ul class="nav-left">
<li class="search-box">
<a class="search-toggle" href="#">
<i class="search-icon fa fa-search"></i>
<i class="search-icon-close fa fa-close"></i>
</a>
</li>
<li class="search-input"><input id="search-tests" class="form-control" type="text" placeholder="Search..."></li>
</ul>
<ul class="nav-right">
<li class="m-r-10">
<a href="#"><span class="badge badge-primary"></span></a>
</li>
<li class="m-r-10">
<a href="#"><span class="badge badge-primary">Nov 27, 2023 10:09:40 PM</span></a>
</li>
</ul>
</div>
</div><div class="side-nav">
<div class="side-nav-inner">
<ul class="side-nav-menu">
<li class="nav-item dropdown" onclick="toggleView('dashboard-view')">
<a id="nav-dashboard" class="dropdown-toggle" href="#">
<span class="ico"><i class="fa fa-bar-chart"></i></span>
</a>
</li>
<li class="nav-item dropdown" onclick="toggleView('test-view')">
<a id="nav-test" class="dropdown-toggle" href="#">
<span class="ico"><i class="fa fa-list"></i></span>
</a>
</li>
<li class="nav-item dropdown" onclick="toggleView('exception-view')">
<a id="nav-exception" class="dropdown-toggle" href="#">
<span class="ico"><i class="fa fa-bug"></i></span>
</a>
</li>
</ul>
</div>
</div>      <div class="vcontainer">
        <div class="main-content">
<div class="container-fluid p-4 view dashboard-view">
<div class="row">
<div class="col-md-3">
<div class="card"><div class="card-body">
<p class="m-b-0">Started</p>
<h3>Nov 27, 2023 10:09:40 PM</h3>
</div></div>
</div>
<div class="col-md-3">
<div class="card"><div class="card-body">
<p class="m-b-0">Ended</p>
<h3>Nov 27, 2023 10:10:00 PM</h3>
</div></div>
</div>
<div class="col-md-3">
<div class="card"><div class="card-body">
<p class="m-b-0 text-pass">Features Passed</p>
<h3>0</h3>
</div></div>
</div>
<div class="col-md-3">
<div class="card"><div class="card-body">
<p class="m-b-0 text-fail">Features Failed</p>
<h3>1</h3>
</div></div>
</div>
</div>
<div class="row">
<div class="col-md-4">
<div class="card">
<div class="card-header">
<h6 class="card-title">Features</h6>
</div>
<div class="card-body">
<div class="">
<canvas id='parent-analysis' width='115' height='90'></canvas>
</div>
</div>
<div class="card-footer">
<div><small data-tooltip='0%'>
<b>0</b> features passed
</small>
</div>
<div>
<small data-tooltip='100%'><b>1</b> features failed,
<b>0</b> skipped, <b data-tooltip='0%'>0</b> others
</small>
</div>
</div>
</div>
</div>
<div class="col-md-4">
<div class="card">
<div class="card-header">
<h6 class="card-title">Scenarios</h6>
</div>
<div class="card-body">
<div class="">
<canvas id='child-analysis' width='115' height='90'></canvas>
</div>
</div>
<div class="card-footer">
<div><small data-tooltip='71%'><b>10</b> scenarios passed</small></div>
<div>
<small data-tooltip='28%'><b>4</b> scenarios failed,
<b>0</b> skipped, <b data-tooltip='%'>0</b> others
</small>
</div>
</div>
</div>
</div>
<div class="col-md-4">
<div class="card">
<div class="card-header">
<h6 class="card-title">Steps</h6>
</div>
<div class="card-body">
<div class="">
<canvas id='grandchild-analysis' width='115' height='90'></canvas>
</div>
</div>
<div class="card-footer">
<div><small data-tooltip='80%'><b>68</b> steps passed</small></div>
<div>
<small data-tooltip='4%'><b>4</b> steps failed,
<b>13</b> skipped, <b data-tooltip='%'>0</b> others
</small>
</div>
</div>
</div>
</div>
</div>
<div class="row"><div class="col-md-12">
<div class="card"><div class="card-header"><p>Timeline</p></div>
<div class="card-body pt-0"><div>
<canvas id="timeline" height="120"></canvas>
</div></div>
</div>
</div></div>
<script>
var timeline = {
"Array feature":18.178
};
</script>
<div class="row">
<div class="col-lg-6 col-md-12 category-container">
<div class="card">
<div class="card-header"><p>Tags</p></div>
<div class="card-body pb-0 pt-0"><table class="table table-sm table-bordered">
<thead><tr class="bg-gray"><th>Name</th><th>Passed</th><th>Failed</th><th>Skipped</th><th>Others</th><th>Passed %</th></tr></thead><tbody>
<tr>
<td>@arr_02</td>
<td>0</td>
<td>1</td>
<td>0</td>
<td>0</td>
<td>0%</td>
</tr>
<tr>
<td>@arr_01</td>
<td>1</td>
<td>0</td>
<td>0</td>
<td>0</td>
<td>100%</td>
</tr>
<tr>
<td>@arr_03</td>
<td>1</td>
<td>0</td>
<td>0</td>
<td>0</td>
<td>100%</td>
</tr>
<tr>
<td>@arr_04</td>
<td>1</td>
<td>0</td>
<td>0</td>
<td>0</td>
<td>100%</td>
</tr>
<tr>
<td>@arr_07</td>
<td>1</td>
<td>0</td>
<td>0</td>
<td>0</td>
<td>100%</td>
</tr>
<tr>
<td>@arr_08</td>
<td>1</td>
<td>0</td>
<td>0</td>
<td>0</td>
<td>100%</td>
</tr>
<tr>
<td>@arr_09</td>
<td>1</td>
<td>0</td>
<td>0</td>
<td>0</td>
<td>100%</td>
</tr>
<tr>
<td>@array</td>
<td>10</td>
<td>4</td>
<td>0</td>
<td>0</td>
<td>71.429%</td>
</tr>
<tr>
<td>@arr_05</td>
<td>0</td>
<td>1</td>
<td>0</td>
<td>0</td>
<td>0%</td>
</tr>
</tbody>
</table></div>
</div>
</div>
<div class="col-lg-6 col-md-12 sysenv-container">
<div class="card">
<div class="card-header"><p>System/Environment</p></div>
<div class="card-body pb-0 pt-0"><table class="table table-sm table-bordered">
<thead><tr class="bg-gray"><th>Name</th><th>Value</th></tr></thead>
<tbody>
<tr>
<td>AppName</td>
<td>{App name}</td>
</tr>
<tr>
<td>user</td>
<td>{User name}</td>
</tr>
<tr>
<td>build</td>
<td>{Build version}</td>
</tr>
</tbody>
</table></div>
</div>
</div>
</div>
</div>
<script>
var statusGroup = {
parentCount: 5,
passParent: 0,
failParent: 1,
warningParent: 0,
skipParent: 0,
childCount: 5,
passChild: 10,
failChild: 4,
warningChild: 0,
skipChild: 0,
infoChild: 0,
grandChildCount: 5,
passGrandChild: 68,
failGrandChild: 4,
warningGrandChild: 0,
skipGrandChild: 13,
infoGrandChild: 0,
eventsCount: 5,
};
</script><div class="test-wrapper row view test-view">
  <div class="test-list">
    <div class="test-list-tools">
<ul class="tools pull-left">
<li><a href="#"><span class="font-size-14">Tests</span></a></li>
</ul>
<ul class="tools text-right">
<li class="dropdown">
<a href="#" class="dropdown-toggle" data-toggle="dropdown"><i class="fa fa-exclamation-circle"></i></a>
<ul id="status-toggle" class="dropdown-menu dropdown-md p-v-0">
<a class="dropdown-item" status="fail" href="#"><span>Fail</span><span class="status danger"></span></a>
<div class="dropdown-divider"></div>
<a status="clear" class="dropdown-item" href="#"><span>Clear</span><span class="pull-right"><i class="fa fa-close"></i></span></a>
</ul>
</li>
<li class="dropdown">
<a href="#" class="dropdown-toggle" data-toggle="dropdown"><i class="fa fa-tag"></i></a>
<ul id="tag-toggle" class="dropdown-menu dropdown-md p-v-0">
<a class="dropdown-item" href="#">@arr_02</a><a class="dropdown-item" href="#">@arr_01</a><a class="dropdown-item" href="#">@arr_03</a><a class="dropdown-item" href="#">@arr_04</a><a class="dropdown-item" href="#">@arr_07</a><a class="dropdown-item" href="#">@arr_08</a><a class="dropdown-item" href="#">@arr_09</a><a class="dropdown-item" href="#">@array</a><a class="dropdown-item" href="#">@arr_05</a>
</ul>
</li>
</ul>
</div>    <div class="test-list-wrapper scrollable">
      <ul class="test-list-item">
        <li class="test-item"  status="fail" test-id="1"
          author=""
          tag=""
          device="">
          <div class="test-detail">
            <p class="name">Array feature</p>
            <p class="text-sm">
              <span>10:09:41 PM</span> / <span>00:00:18:178</span>
              <span class="badge fail-bg log float-right">Fail</span>
            </p>
          </div>
          <div class="test-contents d-none">
<div class="detail-head">
<div class="p-v-10">
<div class="info">
<h5 class="test-status text-fail">Array feature</h5>
<span class='badge badge-success'>11.27.2023 10:09:41 PM</span>
<span class='badge badge-danger'>11.27.2023 10:10:00 PM</span>
<span class='badge badge-default'>00:00:18:178</span>
&middot; <span class='uri-anchor badge badge-default'>#test-id=1</span>
<span title='Skip to the next failed step' class='badge badge-danger pointer float-right ne ml-1'><i class="fa fa-fast-forward"></i></span>
<span title='Collapse all nodes' class='badge badge-default pointer float-right ct ml-1'><i class="fa fa-compress"></i></span>
<span title='Expand all nodes' class='badge badge-default pointer float-right et'><i class="fa fa-expand"></i></span>
</div>
<div class="m-t-10 m-l-5"></div>
</div>
</div>
<div class="accordion mt-4">
  <div class="card">
    <div class="card-header" role="tab">
      <div class="card-title">
        <div class="node" id="2"><span class="badge log pass-bg mr-2">Pass</span>The user is logged in to DS Algo portal</div>
      </div>
    </div>
        <div class="collapse">
          <div class="card-body">
              <div class="step pass-bg" title="stepDefinitions.ArraySteps.the_user_is_on_signin_page_of_ds_algo_portal()">
                <span>Given The user is on Signin page of DS Algo portal</span>
      <div>
      </div>
              </div>
              <div class="step pass-bg" title="stepDefinitions.ArraySteps.the_user_enter_valid_and(java.lang.String,java.lang.String)">
                <span>When The user enter valid "bitbuddies" and "buddies@123"</span>
      <div>
      </div>
              </div>
              <div class="step pass-bg" title="stepDefinitions.ArraySteps.the_user_click_on_login_button()">
                <span>And The user click on login button</span>
      <div>
      </div>
              </div>
              <div class="step pass-bg" title="stepDefinitions.ArraySteps.the_user_redirected_to_homepage()">
                <span>Then The user redirected to homepage</span>
      <div>
      </div>
              </div>
          </div>
        </div>
  </div>
  <div class="card">
    <div class="card-header" role="tab">
      <div class="card-title">
        <div class="node" id="7"><span class="badge log pass-bg mr-2">Pass</span>Select array DS with Get Started button or select array from dropdown</div>
      </div>
    </div>
        <div class="collapse">
          <div class="card-body">
              <div class="step pass-bg" title="stepDefinitions.ArraySteps.user_clicks_on_the_button_in_array_pane_or_select_array_item_from_drop_down_menu(java.lang.String)">
                <span>When user clicks on the "Get Started" button in Array pane or select Array item from drop down menu</span>
      <div>
      </div>
              </div>
              <div class="step pass-bg" title="stepDefinitions.ArraySteps.user_is_redirected_to_array_data_structure_page()">
                <span>Then user is redirected to Array Data Structure page</span>
      <div>
      </div>
              </div>
          </div>
        </div>
  </div>
  <div class="card">
    <div class="card-header" role="tab">
      <div class="card-title">
        <div class="node" id="10"><span class="badge log pass-bg mr-2">Pass</span>Arrays on Python page</div>
      </div>
    </div>
        <div class="collapse">
          <div class="card-body">
              <div class="step pass-bg" title="stepDefinitions.ArraySteps.user_is_on_array_data_structure_page()">
                <span>Given user is on Array Data Structure page</span>
      <div>
      </div>
              </div>
              <div class="step pass-bg" title="stepDefinitions.ArraySteps.the_user_clicks_arrays_in_python_link()">
                <span>When The user clicks Arrays in Python link</span>
      <div>
      </div>
              </div>
              <div class="step pass-bg" title="stepDefinitions.ArraySteps.the_user_is_redirected_to_arrays_in_python_page()">
                <span>Then The user is redirected to Arrays in Python page</span>
      <div>
      </div>
              </div>
              <div class="step pass-bg" title="stepDefinitions.ArraySteps.user_clicks_try_here_button_in_arrays_in_python_page()">
                <span>When user clicks Try Here button in Arrays in Python page</span>
      <div>
      </div>
              </div>
              <div class="step pass-bg" title="stepDefinitions.ArraySteps.user_is_redirected_to_a_page_having_a_try_editor_with_run_button_for_arrays_on_python()">
                <span>Then user is redirected to a page having a TryEditor with Run button for Arrays on python</span>
      <div>
      </div>
              </div>
              <div class="step pass-bg" title="stepDefinitions.ArraySteps.user_enters_valid_code_for_arrays_on_python_page(java.lang.String)">
                <span>When user enters valid code "print('hello world')" for Arrays on python page</span>
      <div>
      </div>
              </div>
              <div class="step pass-bg" title="stepDefinitions.ArraySteps.clicks_run_button_for_arrays_on_python_page()">
                <span>And clicks Run button for Arrays on python page</span>
      <div>
      </div>
              </div>
              <div class="step pass-bg" title="stepDefinitions.ArraySteps.page_displays_output_for_arrays_on_python_page()">
                <span>Then page displays output for Arrays on python page</span>
      <div>
      </div>
              </div>
          </div>
        </div>
  </div>
  <div class="card">
    <div class="card-header" role="tab">
      <div class="card-title">
        <div class="node" id="19"><span class="badge log fail-bg mr-2">Fail</span>user enters invalid code</div>
      </div>
    </div>
        <div class="">
          <div class="card-body">
              <div class="step pass-bg" title="stepDefinitions.ArraySteps.user_is_on_try_editor_page_for_arrays_on_python_page()">
                <span>Given user is on tryEditor page for Arrays on python page</span>
      <div>
      </div>
              </div>
              <div class="step pass-bg" title="stepDefinitions.ArraySteps.the_user_enters_invalid_python_code_for_arrays_on_python_page(java.lang.String)">
                <span>When The user enters invalid python code "'abc' = 1" for Arrays on python page</span>
      <div>
      </div>
              </div>
              <div class="step pass-bg" title="stepDefinitions.ArraySteps.clicks_run_button_for_arrays_on_python_page()">
                <span>And clicks Run button for Arrays on python page</span>
      <div>
      </div>
              </div>
              <div class="step fail-bg" title="stepDefinitions.ArraySteps.an_alert_message_should_be_displayed_for_arrays_on_python_page()">
                <span>Then An alert message should be displayed for Arrays on python page</span>
      <div>
        <textarea disabled class="code-block">org.openqa.selenium.NoAlertPresentException: Build info: version: '4.15.0', revision: '1d14b5521b'
System info: os.name: 'Windows 11', os.arch: 'amd64', os.version: '10.0', java.version: '17.0.9'
Driver info: org.openqa.selenium.firefox.FirefoxDriver
Command: [003e5bef-c0b3-4588-8546-e8d7960657dd, getAlertText {}]
Capabilities {acceptInsecureCerts: true, browserName: firefox, browserVersion: 119.0.1, moz:accessibilityChecks: false, moz:buildID: 20231106151204, moz:debuggerAddress: 127.0.0.1:29836, moz:geckodriverVersion: 0.33.0, moz:headless: false, moz:platformVersion: 10.0, moz:processID: 16024, moz:profile: C:\Users\azam_\AppData\Loca..., moz:shutdownTimeout: 60000, moz:webdriverClick: true, moz:windowless: false, pageLoadStrategy: normal, platformName: windows, proxy: Proxy(), se:cdp: ws://127.0.0.1:29836/devtoo..., se:cdpVersion: 85.0, setWindowRect: true, strictFileInteractability: false, timeouts: {implicit: 0, pageLoad: 300000, script: 30000}, unhandledPromptBehavior: dismiss and notify}
Session ID: 003e5bef-c0b3-4588-8546-e8d7960657dd
	at java.base/jdk.internal.reflect.NativeConstructorAccessorImpl.newInstance0(Native Method)
	at java.base/jdk.internal.reflect.NativeConstructorAccessorImpl.newInstance(NativeConstructorAccessorImpl.java:77)
	at java.base/jdk.internal.reflect.DelegatingConstructorAccessorImpl.newInstance(DelegatingConstructorAccessorImpl.java:45)
	at java.base/java.lang.reflect.Constructor.newInstanceWithCaller(Constructor.java:499)
	at java.base/java.lang.reflect.Constructor.newInstance(Constructor.java:480)
	at org.openqa.selenium.remote.codec.w3c.W3CHttpResponseCodec.createException(W3CHttpResponseCodec.java:200)
	at org.openqa.selenium.remote.codec.w3c.W3CHttpResponseCodec.decode(W3CHttpResponseCodec.java:133)
	at org.openqa.selenium.remote.codec.w3c.W3CHttpResponseCodec.decode(W3CHttpResponseCodec.java:52)
	at org.openqa.selenium.remote.HttpCommandExecutor.execute(HttpCommandExecutor.java:191)
	at org.openqa.selenium.remote.service.DriverCommandExecutor.invokeExecute(DriverCommandExecutor.java:200)
	at org.openqa.selenium.remote.service.DriverCommandExecutor.execute(DriverCommandExecutor.java:175)
	at org.openqa.selenium.remote.RemoteWebDriver.execute(RemoteWebDriver.java:607)
	at org.openqa.selenium.remote.RemoteWebDriver.execute(RemoteWebDriver.java:680)
	at org.openqa.selenium.remote.RemoteWebDriver.execute(RemoteWebDriver.java:684)
	at org.openqa.selenium.remote.RemoteWebDriver$RemoteTargetLocator.alert(RemoteWebDriver.java:1252)
	at pageObjects.ArrayPage.alert_wrongcode(ArrayPage.java:169)
	at stepDefinitions.ArraySteps.an_alert_message_should_be_displayed_for_arrays_on_python_page(ArraySteps.java:99)
	at ✽.An alert message should be displayed for Arrays on python page(file:///C:/mizba/New_dsalgo/src/test/resources/features/Array.feature:31)
</textarea>
      
      </div>
              </div>
          </div>
        </div>
  </div>
  <div class="card">
    <div class="card-header" role="tab">
      <div class="card-title">
        <div class="node" id="24"><span class="badge log fail-bg mr-2">Fail</span>Arrays Using List</div>
      </div>
    </div>
        <div class="">
          <div class="card-body">
              <div class="step pass-bg" title="stepDefinitions.ArraySteps.user_is_on_arrays_using_python_page()">
                <span>Given User is on Arrays Using python page</span>
      <div>
      </div>
              </div>
              <div class="step fail-bg" title="stepDefinitions.ArraySteps.the_user_clicks_on_arrays_using_list_link()">
                <span>When The user clicks on Arrays Using List link</span>
      <div>
        <textarea disabled class="code-block">org.openqa.selenium.NoSuchElementException: Unable to locate element: //*[@id="content"]/li[2]/a
For documentation on this error, please visit: https://www.selenium.dev/documentation/webdriver/troubleshooting/errors#no-such-element-exception
Build info: version: '4.15.0', revision: '1d14b5521b'
System info: os.name: 'Windows 11', os.arch: 'amd64', os.version: '10.0', java.version: '17.0.9'
Driver info: org.openqa.selenium.firefox.FirefoxDriver
Command: [003e5bef-c0b3-4588-8546-e8d7960657dd, findElement {using=xpath, value=//*[@id="content"]/li[2]/a}]
Capabilities {acceptInsecureCerts: true, browserName: firefox, browserVersion: 119.0.1, moz:accessibilityChecks: false, moz:buildID: 20231106151204, moz:debuggerAddress: 127.0.0.1:29836, moz:geckodriverVersion: 0.33.0, moz:headless: false, moz:platformVersion: 10.0, moz:processID: 16024, moz:profile: C:\Users\azam_\AppData\Loca..., moz:shutdownTimeout: 60000, moz:webdriverClick: true, moz:windowless: false, pageLoadStrategy: normal, platformName: windows, proxy: Proxy(), se:cdp: ws://127.0.0.1:29836/devtoo..., se:cdpVersion: 85.0, setWindowRect: true, strictFileInteractability: false, timeouts: {implicit: 0, pageLoad: 300000, script: 30000}, unhandledPromptBehavior: dismiss and notify}
Session ID: 003e5bef-c0b3-4588-8546-e8d7960657dd
	at java.base/jdk.internal.reflect.NativeConstructorAccessorImpl.newInstance0(Native Method)
	at java.base/jdk.internal.reflect.NativeConstructorAccessorImpl.newInstance(NativeConstructorAccessorImpl.java:77)
	at java.base/jdk.internal.reflect.DelegatingConstructorAccessorImpl.newInstance(DelegatingConstructorAccessorImpl.java:45)
	at java.base/java.lang.reflect.Constructor.newInstanceWithCaller(Constructor.java:499)
	at java.base/java.lang.reflect.Constructor.newInstance(Constructor.java:480)
	at org.openqa.selenium.remote.codec.w3c.W3CHttpResponseCodec.createException(W3CHttpResponseCodec.java:200)
	at org.openqa.selenium.remote.codec.w3c.W3CHttpResponseCodec.decode(W3CHttpResponseCodec.java:133)
	at org.openqa.selenium.remote.codec.w3c.W3CHttpResponseCodec.decode(W3CHttpResponseCodec.java:52)
	at org.openqa.selenium.remote.HttpCommandExecutor.execute(HttpCommandExecutor.java:191)
	at org.openqa.selenium.remote.service.DriverCommandExecutor.invokeExecute(DriverCommandExecutor.java:200)
	at org.openqa.selenium.remote.service.DriverCommandExecutor.execute(DriverCommandExecutor.java:175)
	at org.openqa.selenium.remote.RemoteWebDriver.execute(RemoteWebDriver.java:607)
	at org.openqa.selenium.remote.ElementLocation$ElementFinder$2.findElement(ElementLocation.java:165)
	at org.openqa.selenium.remote.ElementLocation.findElement(ElementLocation.java:59)
	at org.openqa.selenium.remote.RemoteWebDriver.findElement(RemoteWebDriver.java:364)
	at org.openqa.selenium.remote.RemoteWebDriver.findElement(RemoteWebDriver.java:358)
	at pageObjects.ArrayPage.arrays_using_list(ArrayPage.java:186)
	at stepDefinitions.ArraySteps.the_user_clicks_on_arrays_using_list_link(ArraySteps.java:114)
	at ✽.The user clicks on Arrays Using List link(file:///C:/mizba/New_dsalgo/src/test/resources/features/Array.feature:35)
</textarea>
      
      </div>
              </div>
              <div class="step skip-bg" title="stepDefinitions.ArraySteps.user_is_redirected_to_arrays_using_list_page()">
                <span>Then user is redirected to Arrays Using List page</span>
      <div>Step skipped
      </div>
              </div>
              <div class="step skip-bg" title="stepDefinitions.ArraySteps.user_clicks_try_here_button_in_arrays_using_list_page()">
                <span>When user clicks Try Here button in Arrays using List page</span>
      <div>Step skipped
      </div>
              </div>
              <div class="step skip-bg" title="stepDefinitions.ArraySteps.user_is_redirected_to_a_page_having_a_try_editor_with_run_button_arrays_using_list()">
                <span>Then user is redirected to a page having a TryEditor with Run button Arrays using List</span>
      <div>Step skipped
      </div>
              </div>
              <div class="step skip-bg" title="stepDefinitions.ArraySteps.user_enters_valid_code_for_arrays_using_list_page(java.lang.String)">
                <span>When user enters valid code "print('hello world')" for Arrays Using List page</span>
      <div>Step skipped
      </div>
              </div>
              <div class="step skip-bg" title="stepDefinitions.ArraySteps.clicks_run_button_for_arrays_using_list_page()">
                <span>And clicks Run button for Arrays Using List page</span>
      <div>Step skipped
      </div>
              </div>
              <div class="step skip-bg" title="stepDefinitions.ArraySteps.page_displays_output_for_arrays_using_list_page()">
                <span>Then page displays output for Arrays Using List page</span>
      <div>Step skipped
      </div>
              </div>
          </div>
        </div>
  </div>
  <div class="card">
    <div class="card-header" role="tab">
      <div class="card-title">
        <div class="node" id="33"><span class="badge log pass-bg mr-2">Pass</span>user enters invalid code</div>
      </div>
    </div>
        <div class="collapse">
          <div class="card-body">
              <div class="step pass-bg" title="stepDefinitions.ArraySteps.user_is_on_try_editor_page_for_arrays_using_list_page()">
                <span>Given user is on tryEditor page for Arrays Using List page</span>
      <div>
      </div>
              </div>
              <div class="step pass-bg" title="stepDefinitions.ArraySteps.the_user_enters_invalid_python_code_for_arrays_using_list_page(java.lang.String)">
                <span>When The user enters invalid python code "'abc' = 1" for Arrays Using List page</span>
      <div>
      </div>
              </div>
              <div class="step pass-bg" title="stepDefinitions.ArraySteps.clicks_run_button_for_arrays_using_list_page()">
                <span>And clicks Run button for Arrays Using List page</span>
      <div>
      </div>
              </div>
              <div class="step pass-bg" title="stepDefinitions.ArraySteps.an_alert_message_should_be_displayed_for_arrays_using_list_page()">
                <span>Then An alert message should be displayed for Arrays Using List page</span>
      <div>
      </div>
              </div>
          </div>
        </div>
  </div>
  <div class="card">
    <div class="card-header" role="tab">
      <div class="card-title">
        <div class="node" id="38"><span class="badge log pass-bg mr-2">Pass</span>Basic Operations In List</div>
      </div>
    </div>
        <div class="collapse">
          <div class="card-body">
              <div class="step pass-bg" title="stepDefinitions.ArraySteps.user_is_on_arrays_using_list_page()">
                <span>Given User is on Arrays Using List page</span>
      <div>
      </div>
              </div>
              <div class="step pass-bg" title="stepDefinitions.ArraySteps.the_user_clicks_on_basic_operations_in_list_link()">
                <span>When The user clicks on Basic Operations In List link</span>
      <div>
      </div>
              </div>
              <div class="step pass-bg" title="stepDefinitions.ArraySteps.user_is_redirected_to_basic_operations_in_list_page()">
                <span>Then user is redirected to Basic Operations In List page</span>
      <div>
      </div>
              </div>
              <div class="step pass-bg" title="stepDefinitions.ArraySteps.user_clicks_try_here_button_in_basic_operations_in_list_page()">
                <span>When user clicks Try Here button in Basic Operations In List page</span>
      <div>
      </div>
              </div>
              <div class="step pass-bg" title="stepDefinitions.ArraySteps.user_is_redirected_to_a_page_having_a_try_editor_with_run_button_basic_operations_in_list()">
                <span>Then user is redirected to a page having a TryEditor with Run button Basic Operations In List</span>
      <div>
      </div>
              </div>
              <div class="step pass-bg" title="stepDefinitions.ArraySteps.user_enters_valid_code_for_basic_operations_in_list_page(java.lang.String)">
                <span>When user enters valid code "print('hello world')" for Basic Operations In List page</span>
      <div>
      </div>
              </div>
              <div class="step pass-bg" title="stepDefinitions.ArraySteps.clicks_run_button_for_basic_operations_in_list_page()">
                <span>And clicks Run button for Basic Operations In List page</span>
      <div>
      </div>
              </div>
              <div class="step pass-bg" title="stepDefinitions.ArraySteps.page_displays_output_for_basic_operations_in_list_page()">
                <span>Then page displays output for Basic Operations In List page</span>
      <div>
      </div>
              </div>
          </div>
        </div>
  </div>
  <div class="card">
    <div class="card-header" role="tab">
      <div class="card-title">
        <div class="node" id="47"><span class="badge log pass-bg mr-2">Pass</span>user enters invalid code</div>
      </div>
    </div>
        <div class="collapse">
          <div class="card-body">
              <div class="step pass-bg" title="stepDefinitions.ArraySteps.user_is_on_try_editor_page_for_basic_operations_in_list_page()">
                <span>Given user is on tryEditor page for Basic Operations In List page</span>
      <div>
      </div>
              </div>
              <div class="step pass-bg" title="stepDefinitions.ArraySteps.the_user_enters_invalid_python_code_for_basic_operations_in_list_page(java.lang.String)">
                <span>When The user enters invalid python code "'abc = 1" for Basic Operations In List page</span>
      <div>
      </div>
              </div>
              <div class="step pass-bg" title="stepDefinitions.ArraySteps.clicks_run_button_for_basic_operations_in_list_page()">
                <span>And clicks Run button for Basic Operations In List page</span>
      <div>
      </div>
              </div>
              <div class="step pass-bg" title="stepDefinitions.ArraySteps.an_alert_message_should_be_displayed_for_basic_operations_in_list_page()">
                <span>Then An alert message should be displayed for Basic Operations In List page</span>
      <div>
      </div>
              </div>
          </div>
        </div>
  </div>
  <div class="card">
    <div class="card-header" role="tab">
      <div class="card-title">
        <div class="node" id="52"><span class="badge log pass-bg mr-2">Pass</span>Applications of Array</div>
      </div>
    </div>
        <div class="collapse">
          <div class="card-body">
              <div class="step pass-bg" title="stepDefinitions.ArraySteps.user_is_on_basic_operations_in_list_page()">
                <span>Given User is on Basic Operations In List Page</span>
      <div>
      </div>
              </div>
              <div class="step pass-bg" title="stepDefinitions.ArraySteps.the_user_clicks_on_applications_of_array_link()">
                <span>When The user clicks on Applications of Array link</span>
      <div>
      </div>
              </div>
              <div class="step pass-bg" title="stepDefinitions.ArraySteps.user_is_redirected_to_applications_of_array_page()">
                <span>Then user is redirected to Applications of Array page</span>
      <div>
      </div>
              </div>
              <div class="step pass-bg" title="stepDefinitions.ArraySteps.user_clicks_try_here_button_in_applications_of_arraypage()">
                <span>When user clicks Try Here button in Applications of Arraypage</span>
      <div>
      </div>
              </div>
              <div class="step pass-bg" title="stepDefinitions.ArraySteps.user_is_redirected_to_a_page_having_a_try_editor_with_run_button_basic_operations_in_list()">
                <span>Then user is redirected to a page having a TryEditor with Run button Basic Operations In List</span>
      <div>
      </div>
              </div>
              <div class="step pass-bg" title="stepDefinitions.ArraySteps.user_enters_valid_code_for_applications_of_arraypage(java.lang.String)">
                <span>When user enters valid code "print('hello world')" for Applications of Arraypage</span>
      <div>
      </div>
              </div>
              <div class="step pass-bg" title="stepDefinitions.ArraySteps.clicks_run_button_for_applications_of_arraypage()">
                <span>And clicks Run button for Applications of Arraypage</span>
      <div>
      </div>
              </div>
              <div class="step pass-bg" title="stepDefinitions.ArraySteps.page_displays_output_for_applications_of_arraypage()">
                <span>Then page displays output for Applications of Arraypage</span>
      <div>
      </div>
              </div>
          </div>
        </div>
  </div>
  <div class="card">
    <div class="card-header" role="tab">
      <div class="card-title">
        <div class="node" id="61"><span class="badge log fail-bg mr-2">Fail</span>user enters invalid code</div>
      </div>
    </div>
        <div class="">
          <div class="card-body">
              <div class="step pass-bg" title="stepDefinitions.ArraySteps.user_is_on_try_editor_page_for_applications_of_arraypage()">
                <span>Given user is on tryEditor page for Applications of Arraypage</span>
      <div>
      </div>
              </div>
              <div class="step pass-bg" title="stepDefinitions.ArraySteps.the_user_enters_invalid_python_code_for_applications_of_arraypage(java.lang.String)">
                <span>When The user enters invalid python code "'abc' = 1" for Applications of Arraypage</span>
      <div>
      </div>
              </div>
              <div class="step pass-bg" title="stepDefinitions.ArraySteps.clicks_run_button_for_applications_of_arraypage()">
                <span>And clicks Run button for Applications of Arraypage</span>
      <div>
      </div>
              </div>
              <div class="step fail-bg" title="stepDefinitions.ArraySteps.an_alert_message_should_be_displayed_for_applications_of_arraypage()">
                <span>Then An alert message should be displayed for Applications of Arraypage</span>
      <div>
        <textarea disabled class="code-block">org.openqa.selenium.NoAlertPresentException: Build info: version: '4.15.0', revision: '1d14b5521b'
System info: os.name: 'Windows 11', os.arch: 'amd64', os.version: '10.0', java.version: '17.0.9'
Driver info: org.openqa.selenium.firefox.FirefoxDriver
Command: [003e5bef-c0b3-4588-8546-e8d7960657dd, getAlertText {}]
Capabilities {acceptInsecureCerts: true, browserName: firefox, browserVersion: 119.0.1, moz:accessibilityChecks: false, moz:buildID: 20231106151204, moz:debuggerAddress: 127.0.0.1:29836, moz:geckodriverVersion: 0.33.0, moz:headless: false, moz:platformVersion: 10.0, moz:processID: 16024, moz:profile: C:\Users\azam_\AppData\Loca..., moz:shutdownTimeout: 60000, moz:webdriverClick: true, moz:windowless: false, pageLoadStrategy: normal, platformName: windows, proxy: Proxy(), se:cdp: ws://127.0.0.1:29836/devtoo..., se:cdpVersion: 85.0, setWindowRect: true, strictFileInteractability: false, timeouts: {implicit: 0, pageLoad: 300000, script: 30000}, unhandledPromptBehavior: dismiss and notify}
Session ID: 003e5bef-c0b3-4588-8546-e8d7960657dd
	at java.base/jdk.internal.reflect.NativeConstructorAccessorImpl.newInstance0(Native Method)
	at java.base/jdk.internal.reflect.NativeConstructorAccessorImpl.newInstance(NativeConstructorAccessorImpl.java:77)
	at java.base/jdk.internal.reflect.DelegatingConstructorAccessorImpl.newInstance(DelegatingConstructorAccessorImpl.java:45)
	at java.base/java.lang.reflect.Constructor.newInstanceWithCaller(Constructor.java:499)
	at java.base/java.lang.reflect.Constructor.newInstance(Constructor.java:480)
	at org.openqa.selenium.remote.codec.w3c.W3CHttpResponseCodec.createException(W3CHttpResponseCodec.java:200)
	at org.openqa.selenium.remote.codec.w3c.W3CHttpResponseCodec.decode(W3CHttpResponseCodec.java:133)
	at org.openqa.selenium.remote.codec.w3c.W3CHttpResponseCodec.decode(W3CHttpResponseCodec.java:52)
	at org.openqa.selenium.remote.HttpCommandExecutor.execute(HttpCommandExecutor.java:191)
	at org.openqa.selenium.remote.service.DriverCommandExecutor.invokeExecute(DriverCommandExecutor.java:200)
	at org.openqa.selenium.remote.service.DriverCommandExecutor.execute(DriverCommandExecutor.java:175)
	at org.openqa.selenium.remote.RemoteWebDriver.execute(RemoteWebDriver.java:607)
	at org.openqa.selenium.remote.RemoteWebDriver.execute(RemoteWebDriver.java:680)
	at org.openqa.selenium.remote.RemoteWebDriver.execute(RemoteWebDriver.java:684)
	at org.openqa.selenium.remote.RemoteWebDriver$RemoteTargetLocator.alert(RemoteWebDriver.java:1252)
	at pageObjects.ArrayPage.alert_wrongcode(ArrayPage.java:169)
	at stepDefinitions.ArraySteps.an_alert_message_should_be_displayed_for_applications_of_arraypage(ArraySteps.java:283)
	at ✽.An alert message should be displayed for Applications of Arraypage(file:///C:/mizba/New_dsalgo/src/test/resources/features/Array.feature:79)
</textarea>
      
      </div>
              </div>
          </div>
        </div>
  </div>
  <div class="card">
    <div class="card-header" role="tab">
      <div class="card-title">
        <div class="node" id="66"><span class="badge log fail-bg mr-2">Fail</span>Practice Questions to Search the Array link</div>
      </div>
    </div>
        <div class="">
          <div class="card-body">
              <div class="step pass-bg" title="stepDefinitions.ArraySteps.user_is_on_arrays_on_python_page()">
                <span>Given User is on Arrays on python Page</span>
      <div>
      </div>
              </div>
              <div class="step fail-bg" title="stepDefinitions.ArraySteps.the_user_clicks_on_practice_questions_link()">
                <span>When The user clicks on Practice Questions link</span>
      <div>
        <textarea disabled class="code-block">org.openqa.selenium.NoSuchElementException: Unable to locate element: //a[contains(text(),'Practice Questions')]
For documentation on this error, please visit: https://www.selenium.dev/documentation/webdriver/troubleshooting/errors#no-such-element-exception
Build info: version: '4.15.0', revision: '1d14b5521b'
System info: os.name: 'Windows 11', os.arch: 'amd64', os.version: '10.0', java.version: '17.0.9'
Driver info: org.openqa.selenium.firefox.FirefoxDriver
Command: [003e5bef-c0b3-4588-8546-e8d7960657dd, findElement {using=xpath, value=//a[contains(text(),'Practice Questions')]}]
Capabilities {acceptInsecureCerts: true, browserName: firefox, browserVersion: 119.0.1, moz:accessibilityChecks: false, moz:buildID: 20231106151204, moz:debuggerAddress: 127.0.0.1:29836, moz:geckodriverVersion: 0.33.0, moz:headless: false, moz:platformVersion: 10.0, moz:processID: 16024, moz:profile: C:\Users\azam_\AppData\Loca..., moz:shutdownTimeout: 60000, moz:webdriverClick: true, moz:windowless: false, pageLoadStrategy: normal, platformName: windows, proxy: Proxy(), se:cdp: ws://127.0.0.1:29836/devtoo..., se:cdpVersion: 85.0, setWindowRect: true, strictFileInteractability: false, timeouts: {implicit: 0, pageLoad: 300000, script: 30000}, unhandledPromptBehavior: dismiss and notify}
Session ID: 003e5bef-c0b3-4588-8546-e8d7960657dd
	at java.base/jdk.internal.reflect.NativeConstructorAccessorImpl.newInstance0(Native Method)
	at java.base/jdk.internal.reflect.NativeConstructorAccessorImpl.newInstance(NativeConstructorAccessorImpl.java:77)
	at java.base/jdk.internal.reflect.DelegatingConstructorAccessorImpl.newInstance(DelegatingConstructorAccessorImpl.java:45)
	at java.base/java.lang.reflect.Constructor.newInstanceWithCaller(Constructor.java:499)
	at java.base/java.lang.reflect.Constructor.newInstance(Constructor.java:480)
	at org.openqa.selenium.remote.codec.w3c.W3CHttpResponseCodec.createException(W3CHttpResponseCodec.java:200)
	at org.openqa.selenium.remote.codec.w3c.W3CHttpResponseCodec.decode(W3CHttpResponseCodec.java:133)
	at org.openqa.selenium.remote.codec.w3c.W3CHttpResponseCodec.decode(W3CHttpResponseCodec.java:52)
	at org.openqa.selenium.remote.HttpCommandExecutor.execute(HttpCommandExecutor.java:191)
	at org.openqa.selenium.remote.service.DriverCommandExecutor.invokeExecute(DriverCommandExecutor.java:200)
	at org.openqa.selenium.remote.service.DriverCommandExecutor.execute(DriverCommandExecutor.java:175)
	at org.openqa.selenium.remote.RemoteWebDriver.execute(RemoteWebDriver.java:607)
	at org.openqa.selenium.remote.ElementLocation$ElementFinder$2.findElement(ElementLocation.java:165)
	at org.openqa.selenium.remote.ElementLocation.findElement(ElementLocation.java:59)
	at org.openqa.selenium.remote.RemoteWebDriver.findElement(RemoteWebDriver.java:364)
	at org.openqa.selenium.remote.RemoteWebDriver.findElement(RemoteWebDriver.java:358)
	at pageObjects.ArrayPage.practice_questions(ArrayPage.java:201)
	at stepDefinitions.ArraySteps.the_user_clicks_on_practice_questions_link(ArraySteps.java:297)
	at ✽.The user clicks on Practice Questions link(file:///C:/mizba/New_dsalgo/src/test/resources/features/Array.feature:83)
</textarea>
      
      </div>
              </div>
              <div class="step skip-bg" title="stepDefinitions.ArraySteps.user_is_redirected_to_practice_page()">
                <span>Then user is redirected to practice page</span>
      <div>Step skipped
      </div>
              </div>
              <div class="step skip-bg" title="stepDefinitions.ArraySteps.user_clicks_on_search_the_array_link()">
                <span>Then user clicks on Search the array link</span>
      <div>Step skipped
      </div>
              </div>
              <div class="step skip-bg" title="stepDefinitions.ArraySteps.user_is_redirected_to_questions1_page()">
                <span>Then user is redirected to questions1 page</span>
      <div>Step skipped
      </div>
              </div>
              <div class="step skip-bg" title="stepDefinitions.ArraySteps.user_enters_code_in_questions1_page(java.lang.String)">
                <span>When user enters code "print(hello)" in questions1 page</span>
      <div>Step skipped
      </div>
              </div>
              <div class="step skip-bg" title="stepDefinitions.ArraySteps.an_alert_message_should_be_displayed_in_questions1_page()">
                <span>Then An alert message should be displayed in questions1 page</span>
      <div>Step skipped
      </div>
              </div>
              <div class="step skip-bg" title="stepDefinitions.ArraySteps.user_clicks_submit_button_in_questions1_page()">
                <span>When user clicks submit button in questions1 page</span>
      <div>Step skipped
      </div>
              </div>
              <div class="step skip-bg" title="stepDefinitions.ArraySteps.submission_output_is_displayed_on_in_questions1_page()">
                <span>Then submission output is displayed on in questions1 page</span>
      <div>Step skipped
      </div>
              </div>
          </div>
        </div>
  </div>
  <div class="card">
    <div class="card-header" role="tab">
      <div class="card-title">
        <div class="node" id="76"><span class="badge log pass-bg mr-2">Pass</span>Max Consecutive Ones page</div>
      </div>
    </div>
        <div class="collapse">
          <div class="card-body">
              <div class="step pass-bg" title="stepDefinitions.ArraySteps.the_user_is_on_the_practice_page()">
                <span>Given The user is on the Practice page</span>
      <div>
      </div>
              </div>
              <div class="step pass-bg" title="stepDefinitions.ArraySteps.the_user_clicks_max_consecutive_ones_link()">
                <span>When The user clicks Max Consecutive Ones link</span>
      <div>
      </div>
              </div>
              <div class="step pass-bg" title="stepDefinitions.ArraySteps.the_user_should_be_redirected_to_question2_page()">
                <span>Then The user should be redirected to question2 page</span>
      <div>
      </div>
              </div>
              <div class="step pass-bg" title="stepDefinitions.ArraySteps.user_enters_code_in_questions2_page(java.lang.String)">
                <span>When user enters code "print(hello)" in questions2 page</span>
      <div>
      </div>
              </div>
              <div class="step pass-bg" title="stepDefinitions.ArraySteps.an_alert_message_should_be_displayed_in_questions2_page()">
                <span>Then An alert message should be displayed in questions2 page</span>
      <div>
      </div>
              </div>
              <div class="step pass-bg" title="stepDefinitions.ArraySteps.user_clicks_submit_button_in_questions2_page()">
                <span>When user clicks submit button in questions2 page</span>
      <div>
      </div>
              </div>
              <div class="step pass-bg" title="stepDefinitions.ArraySteps.submission_output_is_displayed_on_in_questions2_page()">
                <span>Then submission output is displayed on in questions2 page</span>
      <div>
      </div>
              </div>
          </div>
        </div>
  </div>
  <div class="card">
    <div class="card-header" role="tab">
      <div class="card-title">
        <div class="node" id="84"><span class="badge log pass-bg mr-2">Pass</span>Find Numbers with Even Number of Digits page</div>
      </div>
    </div>
        <div class="collapse">
          <div class="card-body">
              <div class="step pass-bg" title="stepDefinitions.ArraySteps.the_user_is_on_the_practice_page_for_find_numbers_with_even_number_of_digits()">
                <span>Given The user is on the Practice page for Find Numbers with Even Number of Digits</span>
      <div>
      </div>
              </div>
              <div class="step pass-bg" title="stepDefinitions.ArraySteps.the_user_clicks_find_numbers_with_even_number_of_digits_link()">
                <span>When The user clicks Find Numbers with Even Number of Digits link</span>
      <div>
      </div>
              </div>
              <div class="step pass-bg" title="stepDefinitions.ArraySteps.the_user_should_be_redirected_to_questions3_page()">
                <span>Then The user should be redirected to questions3 page</span>
      <div>
      </div>
              </div>
              <div class="step pass-bg" title="stepDefinitions.ArraySteps.user_enters_code_in_questions3_page(java.lang.String)">
                <span>When user enters code "print(hello)" in questions3 page</span>
      <div>
      </div>
              </div>
              <div class="step pass-bg" title="stepDefinitions.ArraySteps.an_alert_message_should_be_displayed_in_questions3_page()">
                <span>Then An alert message should be displayed in questions3 page</span>
      <div>
      </div>
              </div>
              <div class="step pass-bg" title="stepDefinitions.ArraySteps.user_clicks_submit_button_in_questions3_page()">
                <span>When user clicks submit button in questions3 page</span>
      <div>
      </div>
              </div>
              <div class="step pass-bg" title="stepDefinitions.ArraySteps.submission_output_is_displayed_on_in_questions3_page()">
                <span>Then submission output is displayed on in questions3 page</span>
      <div>
      </div>
              </div>
          </div>
        </div>
  </div>
  <div class="card">
    <div class="card-header" role="tab">
      <div class="card-title">
        <div class="node" id="92"><span class="badge log pass-bg mr-2">Pass</span>Squares of a Sorted Array page</div>
      </div>
    </div>
        <div class="collapse">
          <div class="card-body">
              <div class="step pass-bg" title="stepDefinitions.ArraySteps.the_user_is_on_the_practice_page_for_squares_of_a_sorted_array_page()">
                <span>Given The user is on the Practice page for Squares of a Sorted Array page</span>
      <div>
      </div>
              </div>
              <div class="step pass-bg" title="stepDefinitions.ArraySteps.user_clicks_squares_of_a_sorted_array_link()">
                <span>When user clicks Squares of  a Sorted Array link</span>
      <div>
      </div>
              </div>
              <div class="step pass-bg" title="stepDefinitions.ArraySteps.user_is_redirected_to_questions4_page()">
                <span>Then user is redirected to questions4 page</span>
      <div>
      </div>
              </div>
              <div class="step pass-bg" title="stepDefinitions.ArraySteps.user_enters_code_in_questions4_page(java.lang.String)">
                <span>When user enters code "print(hello)" in questions4 page</span>
      <div>
      </div>
              </div>
              <div class="step pass-bg" title="stepDefinitions.ArraySteps.an_alert_message_should_be_displayed_in_questions4_page()">
                <span>Then An alert message should be displayed in questions4 page</span>
      <div>
      </div>
              </div>
              <div class="step pass-bg" title="stepDefinitions.ArraySteps.user_clicks_submit_button_in_questions4_page()">
                <span>When user clicks submit button in questions4 page</span>
      <div>
      </div>
              </div>
              <div class="step pass-bg" title="stepDefinitions.ArraySteps.submission_output_is_displayed_on_in_questions4_page()">
                <span>Then submission output is displayed on in questions4 page</span>
      <div>
      </div>
              </div>
              <div class="step pass-bg" title="stepDefinitions.ArraySteps.click_signout_for_array_page()">
                <span>Then click signout for Array page</span>
      <div>
      </div>
              </div>
          </div>
        </div>
  </div>
</div>
          </div>
        </li>
      </ul>
    </div>
  </div>
<div class="test-content scrollable">
<div class="test-content-tools">
<ul><li><a class="back-to-test" href="#"><i class="fa fa-arrow-left"></i></a></li></ul>
</div>
<div class="test-content-detail"><div class="detail-body"></div></div>
</div></div>
<div class="test-wrapper row view exception-view attributes-view">
<div class="test-list">
<div class="test-list-tools">
<ul class="tools pull-left"><li><a href=""><span class="font-size-14">Exception</span></a></li></ul>
<ul class="tools text-right"><li><a href="#"><span class="badge badge-primary">2</span></a></li></ul>
</div>
<div class="test-list-wrapper scrollable">
<ul class="test-list-item">
<li class="test-item">
<div class="test-detail">
<span class="meta">
<span class='badge log badge-danger'>2</span>
</span>
<p class="name">org.openqa.selenium.NoAlertPresentException</p>
<p class="duration text-sm">2 tests</p>
</div>
<div class="test-contents d-none">
<div class="info">
<h4>org.openqa.selenium.NoAlertPresentException</h4>
<span status="fail" class='badge log badge-danger'>2 failed</span>
</div>
<table class='table table-sm mt-4'>
<thead>
<tr>
<th class="status-col">Status</th>
<th class="timestamp-col">Timestamp</th>
<th>TestName</th>
</tr>
</thead>
<tbody>
<tr class="tag-test-status" status="fail">
<td><span class="badge log fail-bg">Fail</span></td>
<td>22:09:46 PM</td>
<td>
<a href="#" class="linked" test-id='1' id='23'>Then An alert message should be displayed for Arrays on python page</a>
<div class="">
<span class="badge badge-default">Array feature.user enters invalid code.Then An alert message should be displayed for Arrays on python page</span>
</div>
</td>
</tr>
<tr class="tag-test-status" status="fail">
<td><span class="badge log fail-bg">Fail</span></td>
<td>22:09:53 PM</td>
<td>
<a href="#" class="linked" test-id='1' id='65'>Then An alert message should be displayed for Applications of Arraypage</a>
<div class="">
<span class="badge badge-default">Array feature.user enters invalid code.Then An alert message should be displayed for Applications of Arraypage</span>
</div>
</td>
</tr>
</tbody>
</table>
</div>
</li>
<li class="test-item">
<div class="test-detail">
<span class="meta">
<span class='badge log badge-danger'>2</span>
</span>
<p class="name">org.openqa.selenium.NoSuchElementException</p>
<p class="duration text-sm">2 tests</p>
</div>
<div class="test-contents d-none">
<div class="info">
<h4>org.openqa.selenium.NoSuchElementException</h4>
<span status="fail" class='badge log badge-danger'>2 failed</span>
</div>
<table class='table table-sm mt-4'>
<thead>
<tr>
<th class="status-col">Status</th>
<th class="timestamp-col">Timestamp</th>
<th>TestName</th>
</tr>
</thead>
<tbody>
<tr class="tag-test-status" status="fail">
<td><span class="badge log fail-bg">Fail</span></td>
<td>22:09:46 PM</td>
<td>
<a href="#" class="linked" test-id='1' id='26'>When The user clicks on Arrays Using List link</a>
<div class="">
<span class="badge badge-default">Array feature.Arrays Using List.When The user clicks on Arrays Using List link</span>
</div>
</td>
</tr>
<tr class="tag-test-status" status="fail">
<td><span class="badge log fail-bg">Fail</span></td>
<td>22:09:53 PM</td>
<td>
<a href="#" class="linked" test-id='1' id='68'>When The user clicks on Practice Questions link</a>
<div class="">
<span class="badge badge-default">Array feature.Practice Questions to Search the Array link.When The user clicks on Practice Questions link</span>
</div>
</td>
</tr>
</tbody>
</table>
</div>
</li>
</ul>
</div>
</div>
<div class="test-content scrollable">
<div class="test-content-detail">
<div class="detail-body"></div>
</div>
</div>
</div>        </div>
      </div>
    </div>
  </div>
<script src="https://cdn.jsdelivr.net/gh/extent-framework/extent-github-cdn@ce8b10435bcbae260c334c0d0c6b61d2c19b6168/spark/js/spark-script.js"></script>
<script type="text/javascript"></script></body>
</html>